rcore/build/outputs/mapping/release/seeds.txt
com.yiyou.gamesdk.R$anim: int anim_rotate_loading
com.yiyou.gamesdk.R$anim: int tt_sdk_anim_float_view_left
com.yiyou.gamesdk.R$anim: int tt_sdk_anim_float_view_right
com.yiyou.gamesdk.R$attr: int bottomLeftRadius
com.yiyou.gamesdk.R$attr: int bottomRightRadius
com.yiyou.gamesdk.R$attr: int disable_bg
com.yiyou.gamesdk.R$attr: int divider
com.yiyou.gamesdk.R$attr: int drawableLeft
com.yiyou.gamesdk.R$attr: int enable_bg
com.yiyou.gamesdk.R$attr: int hint
com.yiyou.gamesdk.R$attr: int left_text
com.yiyou.gamesdk.R$attr: int left_text_color
com.yiyou.gamesdk.R$attr: int mv_backgroundColor
com.yiyou.gamesdk.R$attr: int mv_cornerRadius
com.yiyou.gamesdk.R$attr: int mv_isRadiusHalfHeight
com.yiyou.gamesdk.R$attr: int mv_isWidthHeightEqual
com.yiyou.gamesdk.R$attr: int mv_strokeColor
com.yiyou.gamesdk.R$attr: int mv_strokeWidth
com.yiyou.gamesdk.R$attr: int pointColor
com.yiyou.gamesdk.R$attr: int press_selector
com.yiyou.gamesdk.R$attr: int radius
com.yiyou.gamesdk.R$attr: int right_text
com.yiyou.gamesdk.R$attr: int right_text_color
com.yiyou.gamesdk.R$attr: int riv_border_color
com.yiyou.gamesdk.R$attr: int riv_border_width
com.yiyou.gamesdk.R$attr: int riv_corner_radius
com.yiyou.gamesdk.R$attr: int riv_mutate_background
com.yiyou.gamesdk.R$attr: int riv_oval
com.yiyou.gamesdk.R$attr: int rv_backgroundColor
com.yiyou.gamesdk.R$attr: int rv_backgroundPressColor
com.yiyou.gamesdk.R$attr: int rv_cornerRadius
com.yiyou.gamesdk.R$attr: int rv_cornerRadius_BL
com.yiyou.gamesdk.R$attr: int rv_cornerRadius_BR
com.yiyou.gamesdk.R$attr: int rv_cornerRadius_TL
com.yiyou.gamesdk.R$attr: int rv_cornerRadius_TR
com.yiyou.gamesdk.R$color: int bg_translucence
com.yiyou.gamesdk.R$color: int blue_3185c1
com.yiyou.gamesdk.R$color: int blue_38a1eb
com.yiyou.gamesdk.R$color: int blue_alipay
com.yiyou.gamesdk.R$color: int blue_button
com.yiyou.gamesdk.R$color: int btn_dark
com.yiyou.gamesdk.R$color: int btn_dark_pressed
com.yiyou.gamesdk.R$color: int btn_disable_bg
com.yiyou.gamesdk.R$color: int btn_disable_bg_login
com.yiyou.gamesdk.R$color: int btn_selected_bg
com.yiyou.gamesdk.R$color: int btn_unclickable_bg
com.yiyou.gamesdk.R$color: int color_0F000000
com.yiyou.gamesdk.R$color: int color_131416
com.yiyou.gamesdk.R$color: int color_19000000
com.yiyou.gamesdk.R$color: int color_1a1b1d
com.yiyou.gamesdk.R$color: int color_2c2d2f
com.yiyou.gamesdk.R$color: int color_323232
com.yiyou.gamesdk.R$color: int color_343434
com.yiyou.gamesdk.R$color: int color_363739
com.yiyou.gamesdk.R$color: int color_41b354
com.yiyou.gamesdk.R$color: int color_50FFFFFF
com.yiyou.gamesdk.R$color: int color_CCFFFFFF
com.yiyou.gamesdk.R$color: int color_ECF9F2
com.yiyou.gamesdk.R$color: int color_a8000000
com.yiyou.gamesdk.R$color: int color_b6b6b6
com.yiyou.gamesdk.R$color: int color_e5e5e5
com.yiyou.gamesdk.R$color: int coupon_border_normal
com.yiyou.gamesdk.R$color: int coupon_border_select
com.yiyou.gamesdk.R$color: int coupon_disable_btn
com.yiyou.gamesdk.R$color: int coupon_disable_txt
com.yiyou.gamesdk.R$color: int coupon_expired
com.yiyou.gamesdk.R$color: int coupon_unused
...
com.android.volley1.ParseError
com.android.volley1.ParseError: ParseError()
com.android.volley1.ParseError: ParseError(com.android.volley1.NetworkResponse)
com.android.volley1.ParseError: ParseError(java.lang.Throwable)
com.android.volley1.Request
com.android.volley1.Request: java.lang.String DEFAULT_PARAMS_ENCODING
com.android.volley1.Request: java.lang.String uniqueId
com.android.volley1.Request: com.android.volley1.VolleyLog$MarkerLog mEventLog
com.android.volley1.Request: int mMethod
com.android.volley1.Request: java.lang.String mUrl
com.android.volley1.Request: int mDefaultTrafficStatsTag
com.android.volley1.Request: com.android.volley1.Response$ErrorListener mErrorListener
com.android.volley1.Request: java.lang.Integer mSequence
com.android.volley1.Request: com.android.volley1.RequestQueue mRequestQueue
com.android.volley1.Request: boolean mShouldCache
com.android.volley1.Request: boolean mCanceled
com.android.volley1.Request: boolean mResponseDelivered
com.android.volley1.Request: long mRequestBirthTime
com.android.volley1.Request: long SLOW_REQUEST_THRESHOLD_MS
com.android.volley1.Request: com.android.volley1.RetryPolicy mRetryPolicy
com.android.volley1.Request: com.android.volley1.Cache$Entry mCacheEntry
com.android.volley1.Request: java.lang.Object mTag
com.android.volley1.Request: com.yiyou.gamesdk.core.base.http.volley.listener.ProgressListener progressListener
com.android.volley1.Request: Request(java.lang.String,com.android.volley1.Response$ErrorListener)
com.android.volley1.Request: Request(int,java.lang.String,com.android.volley1.Response$ErrorListener)
com.android.volley1.Request: int getMethod()
com.android.volley1.Request: java.lang.String getUniqueId()
com.android.volley1.Request$1
com.android.volley1.Request$1: java.lang.String val$tag
com.android.volley1.Request$1: long val$threadId
com.android.volley1.Request$1: com.android.volley1.Request this$0
com.android.volley1.Request$1: Request$1(com.android.volley1.Request,java.lang.String,long)
com.android.volley1.Request$1: void run()
com.android.volley1.Request$Method
com.android.volley1.Request$Method: int DEPRECATED_GET_OR_POST
com.android.volley1.Request$Method: int GET
com.android.volley1.Request$Method: int POST
com.android.volley1.Request$Method: int PUT
com.android.volley1.Request$Method: int DELETE
com.android.volley1.Request$Method: int HEAD
com.android.volley1.Request$Method: int OPTIONS
com.android.volley1.Request$Method: int TRACE
com.android.volley1.Request$Method: int PATCH
com.android.volley1.Request$Priority
com.android.volley1.Request$Priority: com.android.volley1.Request$Priority LOW
com.android.volley1.Request$Priority: com.android.volley1.Request$Priority NORMAL
com.android.volley1.Request$Priority: com.android.volley1.Request$Priority HIGH
com.android.volley1.Request$Priority: com.android.volley1.Request$Priority IMMEDIATE
com.android.volley1.Request$Priority: com.android.volley1.Request$Priority[] $VALUES
com.android.volley1.Request$Priority: com.android.volley1.Request$Priority[] values()
com.android.volley1.Request$Priority: com.android.volley1.Request$Priority valueOf(java.lang.String)
com.android.volley1.Request$Priority: Request$Priority(java.lang.String,int)
com.android.volley1.Request$Priority: void <clinit>()