rcore/build/outputs/mapping/release/mapping.txt
com.yiyou.gamesdk.PluginManager -> com.yiyou.gamesdk.a:
    com.yiyou.gamesdk.PluginManager sInstance -> b
    com.yiyou.gamesdk.container.FloatService floatService -> c
    java.util.Map plugins -> d
    boolean isDebug -> e
    com.mobilegamebar.rsdk.outer.model.GameParamInfo initGameParamInfo -> f
    com.mobilegamebar.rsdk.outer.IOperateCallback initCallback -> g
    com.mobilegamebar.rsdk.outer.IOperateCallback logoutCallback -> h
    com.mobilegamebar.rsdk.outer.ICoreManager coreManager -> i
    java.lang.ref.WeakReference wr -> j
    com.mobilegamebar.rsdk.outer.model.VersionDir mVersionDir -> k
    boolean isInit -> l
    int mOrientation -> m
    com.mobilegamebar.rsdk.outer.event.IEventListener startActivityListener -> n
    android.content.Context mContext -> o
    android.content.Context appContext -> p
    android.content.ServiceConnection conn -> a
    50:52:void attach(com.mobilegamebar.rsdk.outer.ContextWrapper,com.mobilegamebar.rsdk.outer.model.VersionDir) -> a
    56:59:com.yiyou.gamesdk.PluginManager getInstance() -> a
    36:152:void <init>() -> <init>
    66:66:boolean isInit() -> b
    70:83:void init(android.content.Context,boolean,com.mobilegamebar.rsdk.outer.model.GameParamInfo,int,com.mobilegamebar.rsdk.outer.IOperateCallback) -> a
    86:92:void callBack() -> c
    95:98:java.lang.String getSession() -> d
    102:105:long getUid() -> e
    110:113:int getGameId() -> f
    118:132:void uninit() -> g
com.yiyou.gamesdk.PluginManager$1 -> com.yiyou.gamesdk.b:
    com.yiyou.gamesdk.PluginManager this$0 -> a
    152:152:void <init>(com.yiyou.gamesdk.PluginManager) -> <init>
    156:156:void onServiceConnected(android.content.ComponentName,android.os.IBinder) -> onServiceConnected
    161:161:void onServiceDisconnected(android.content.ComponentName) -> onServiceDisconnected
com.yiyou.gamesdk.PluginManager$2 -> com.yiyou.gamesdk.c:
    com.mobilegamebar.rsdk.outer.IOperateCallback val$iOperateCallback -> a
    com.yiyou.gamesdk.PluginManager this$0 -> b
    200:200:void <init>(com.yiyou.gamesdk.PluginManager,com.mobilegamebar.rsdk.outer.IOperateCallback) -> <init>
    203:207:void onResult(int,java.lang.Object) -> onResult
com.yiyou.gamesdk.PluginManager$3 -> com.yiyou.gamesdk.d:
    com.yiyou.gamesdk.PluginManager this$0 -> a
    233:233:void <init>(com.yiyou.gamesdk.PluginManager) -> <init>
    239:259:void onEvent(java.lang.String,com.mobilegamebar.rsdk.outer.event.StartActivityEvent$FragmentParam) -> a
    233:233:void onEvent(java.lang.String,java.lang.Object) -> onEvent
com.yiyou.gamesdk.R -> com.yiyou.gamesdk.e:
...
com.android.volley1.Cache$Entry -> com.android.volley1.Cache$Entry:
    byte[] data -> data
    java.lang.String etag -> etag
    long serverDate -> serverDate
    long lastModified -> lastModified
    long ttl -> ttl
    long softTtl -> softTtl
    java.util.Map responseHeaders -> responseHeaders
    67:87:void <init>() -> <init>
    91:91:boolean isExpired() -> isExpired
    96:96:boolean refreshNeeded() -> refreshNeeded
com.android.volley1.CacheDispatcher -> com.android.volley1.CacheDispatcher:
    boolean DEBUG -> DEBUG
    java.util.concurrent.BlockingQueue mCacheQueue -> mCacheQueue
    java.util.concurrent.BlockingQueue mNetworkQueue -> mNetworkQueue
    com.android.volley1.Cache mCache -> mCache
    com.android.volley1.ResponseDelivery mDelivery -> mDelivery
    boolean mQuit -> mQuit
    49:67:void <init>(java.util.concurrent.BlockingQueue,java.util.concurrent.BlockingQueue,com.android.volley1.Cache,com.android.volley1.ResponseDelivery) -> <init>
    74:76:void quit() -> quit
    80:155:void run() -> run
    32:32:java.util.concurrent.BlockingQueue access$000(com.android.volley1.CacheDispatcher) -> access$000
    34:34:void <clinit>() -> <clinit>
com.android.volley1.CacheDispatcher$1 -> com.android.volley1.CacheDispatcher$1:
    com.android.volley1.Request val$request -> val$request
    com.android.volley1.CacheDispatcher this$0 -> this$0
    137:137:void <init>(com.android.volley1.CacheDispatcher,com.android.volley1.Request) -> <init>
    141:145:void run() -> run
com.android.volley1.DefaultRetryPolicy -> com.android.volley1.DefaultRetryPolicy:
    int mCurrentTimeoutMs -> mCurrentTimeoutMs
    int mCurrentRetryCount -> mCurrentRetryCount
    int mMaxNumRetries -> mMaxNumRetries
    float mBackoffMultiplier -> mBackoffMultiplier
    int DEFAULT_TIMEOUT_MS -> DEFAULT_TIMEOUT_MS
    int DEFAULT_MAX_RETRIES -> DEFAULT_MAX_RETRIES
    float DEFAULT_BACKOFF_MULT -> DEFAULT_BACKOFF_MULT
    48:49:void <init>() -> <init>
    57:61:void <init>(int,int,float) -> <init>
    68:68:int getCurrentTimeout() -> getCurrentTimeout
    76:76:int getCurrentRetryCount() -> getCurrentRetryCount
    83:83:float getBackoffMultiplier() -> getBackoffMultiplier
    92:97:void retry(com.android.volley1.VolleyError) -> retry
    103:103:boolean hasAttemptRemaining() -> hasAttemptRemaining
com.android.volley1.ExecutorDelivery -> com.android.volley1.ExecutorDelivery:
    java.util.concurrent.Executor mResponsePoster -> mResponsePoster
    34:42:void <init>(android.os.Handler) -> <init>
    49:51:void <init>(java.util.concurrent.Executor) -> <init>
    55:56:void postResponse(com.android.volley1.Request,com.android.volley1.Response) -> postResponse
    60:63:void postResponse(com.android.volley1.Request,com.android.volley1.Response,java.lang.Runnable) -> postResponse
    67:70:void postError(com.android.volley1.Request,com.android.volley1.VolleyError) -> postError
com.android.volley1.ExecutorDelivery$1 -> com.android.volley1.ExecutorDelivery$1:
    android.os.Handler val$handler -> val$handler
    com.android.volley1.ExecutorDelivery this$0 -> this$0
    36:36:void <init>(com.android.volley1.ExecutorDelivery,android.os.Handler) -> <init>
    39:40:void execute(java.lang.Runnable) -> execute
com.android.volley1.ExecutorDelivery$ResponseDeliveryRunnable -> com.android.volley1.ExecutorDelivery$ResponseDeliveryRunnable:
    com.android.volley1.Request mRequest -> mRequest
    com.android.volley1.Response mResponse -> mResponse
    java.lang.Runnable mRunnable -> mRunnable
    com.android.volley1.ExecutorDelivery this$0 -> this$0
    82:86:void <init>(com.android.volley1.ExecutorDelivery,com.android.volley1.Request,com.android.volley1.Response,java.lang.Runnable) -> <init>
    92:116:void run() -> run
com.android.volley1.Network -> com.android.volley1.Network:
    com.android.volley1.NetworkResponse performRequest(com.android.volley1.Request) -> performRequest