rcore/build/outputs/mapping/release/usage.txt
com.yiyou.gamesdk.BuildConfig
com.yiyou.gamesdk.CoreFragment
com.yiyou.gamesdk.PluginManager:
    private static final java.lang.String TAG
    194:196:public void updateOrientation(int)
com.yiyou.gamesdk.R:
    10:10:public R()
com.yiyou.gamesdk.R$anim
com.yiyou.gamesdk.R$attr
com.yiyou.gamesdk.R$color
com.yiyou.gamesdk.R$dimen
com.yiyou.gamesdk.R$drawable
com.yiyou.gamesdk.R$id
com.yiyou.gamesdk.R$layout
com.yiyou.gamesdk.R$string
com.yiyou.gamesdk.R$style
com.yiyou.gamesdk.R$styleable:
    1677:1677:public R$styleable()
com.yiyou.gamesdk.core.CoreManager:
    protected static final java.lang.String TAG
    private static final int MSG_EXIT
    public static final int REQUEST_CODE_PERMISSION
    169:186:private void reportActiveEvent()
com.yiyou.gamesdk.core.api.ApiFacade:
    private static final java.lang.String TAG
    186:187:public void requestVerificationCode(java.lang.String,int,com.yiyou.gamesdk.core.base.http.volley.listener.TtRespListener)
    241:241:public java.lang.String getSubUserName()
    264:265:public void childAccountEvent()
    269:270:public void getCouponCenter(com.yiyou.gamesdk.core.base.http.volley.listener.TtRespListener)
    327:327:public java.util.List getAllChildrenAccountHistories()
    337:338:public void deleteChildrenAccountHistory(java.lang.String)
    359:359:public com.yiyou.gamesdk.model.ChildrenAccountHistoryInfo getChildrenAccountHistory(java.lang.String)
    369:369:public java.util.List getChildrenAccountHistory(java.lang.String,java.lang.String)
    483:484:public void reportActivate(com.mobilegamebar.rsdk.outer.IOperateCallback)
    517:517:public com.yiyou.gamesdk.model.AccountHistoryInfo getAccountHistoryByUid(java.lang.String)
    571:571:public java.lang.String getPasswordFromHistory(java.lang.String)
    592:592:public java.util.List getCurrentGameAuthHistories()
    602:602:public com.yiyou.gamesdk.model.AccountHistoryInfo getAccountHistoryByUserName(java.lang.String)
com.yiyou.gamesdk.core.api.def.IAccountHistoryApi:
    public abstract com.yiyou.gamesdk.model.AccountHistoryInfo getAccountHistoryByUid(java.lang.String)
    public abstract java.lang.String getPasswordFromHistory(java.lang.String)
    public abstract java.util.List getCurrentGameAuthHistories()
    public abstract com.yiyou.gamesdk.model.AccountHistoryInfo getAccountHistoryByUserName(java.lang.String)
com.yiyou.gamesdk.core.api.def.IAuthApi:
    public static final int VCODE_TYPE_REGISTER
    public static final int VCODE_TYPE_REAL_VERIFY
    public static final int VCODE_TYPE_RESET_PASSWORD
    public static final int VCODE_TYPE_BIND_POHNE
    public static final int VCODE_TYPE_UNBIND_PHONE
    public static final int VCODE_TYPE_RESET_PAY_PASSWORD
    public abstract void requestVerificationCode(java.lang.String,int,com.yiyou.gamesdk.core.base.http.volley.listener.TtRespListener)
    public abstract java.lang.String getSubUserName()
    public abstract void childAccountEvent()
    public abstract void getCouponCenter(com.yiyou.gamesdk.core.base.http.volley.listener.TtRespListener)
com.yiyou.gamesdk.core.api.def.IChildrenAccountHistoryApi:
    public abstract com.yiyou.gamesdk.model.ChildrenAccountHistoryInfo getChildrenAccountHistory(java.lang.String)
    public abstract java.util.List getAllChildrenAccountHistories()
    public abstract void deleteChildrenAccountHistory(java.lang.String)
    public abstract java.util.List getChildrenAccountHistory(java.lang.String,java.lang.String)
com.yiyou.gamesdk.core.api.def.IReportApi:
    public abstract void reportActivate(com.mobilegamebar.rsdk.outer.IOperateCallback)
com.yiyou.gamesdk.core.api.impl.AccountHistoryManager:
    private static final java.lang.String TAG
    127:131:public java.lang.String getPasswordFromHistory(java.lang.String)
    141:148:public java.util.List getCurrentGameAuthHistories()
...
com.flyco.tablayout.CommonTabLayout
com.flyco.tablayout.CommonTabLayout$1
com.flyco.tablayout.CommonTabLayout$IndicatorPoint
com.flyco.tablayout.CommonTabLayout$PointEvaluator
com.flyco.tablayout.SegmentTabLayout
com.flyco.tablayout.SegmentTabLayout$1
com.flyco.tablayout.SegmentTabLayout$IndicatorPoint
com.flyco.tablayout.SegmentTabLayout$PointEvaluator
com.flyco.tablayout.SlidingTabLayout:
    private static final int STYLE_NORMAL
    private static final int STYLE_TRIANGLE
    private static final int STYLE_BLOCK
    183:201:public void setViewPager(android.support.v4.view.ViewPager,java.lang.String[])
    205:219:public void setViewPager(android.support.v4.view.ViewPager,java.lang.String[],android.support.v4.app.FragmentActivity,java.util.ArrayList)
    562:567:public void setIndicatorMargin(float,float,float,float)
    647:647:public boolean isTabSpaceEqual()
    719:719:public boolean isTextBold()
    723:723:public boolean isTextAllCaps()
    769:773:public void showDot(int)
    777:786:public void hideMsg(int)
    790:805:public void setMsgMargin(int,float,float)
    809:814:public com.flyco.tablayout.widget.MsgView getMsgView(int)
com.flyco.tablayout.SlidingTabLayout$InnerPagerAdapter
com.flyco.tablayout.listener.CustomTabEntity
com.flyco.tablayout.utils.FragmentChangeManager
com.flyco.tablayout.utils.UnreadMsgUtils:
    16:16:public UnreadMsgUtils()
    50:57:public static void setSize(com.flyco.tablayout.widget.MsgView,int)
com.flyco.tablayout.widget.MsgView:
    135:136:protected int sp2px(float)